<?xml version="1.0" encoding="UTF-8"?>
<coverage generated="1707275291012" clover="3.2.0">
  <project timestamp="1707275291012" name="All files">
    <metrics statements="149" coveredstatements="145" conditionals="22" coveredconditionals="16" methods="36" coveredmethods="34" elements="207" coveredelements="195" complexity="0" loc="149" ncloc="149" packages="1" files="6" classes="6"/>
    <file name="board.ts" path="/home/runner/FerryBattleshipBackend/src/board.ts">
      <metrics statements="40" coveredstatements="39" conditionals="7" coveredconditionals="5" methods="9" coveredmethods="9"/>
      <line num="1" count="3" type="stmt"/>
      <line num="2" count="3" type="stmt"/>
      <line num="4" count="3" type="stmt"/>
      <line num="10" count="17" type="stmt"/>
      <line num="14" count="103" type="stmt"/>
      <line num="18" count="62" type="stmt"/>
      <line num="19" count="62" type="stmt"/>
      <line num="20" count="248" type="cond" truecount="2" falsecount="0"/>
      <line num="21" count="248" type="stmt"/>
      <line num="26" count="62" type="stmt"/>
      <line num="30" count="62" type="stmt"/>
      <line num="31" count="62" type="stmt"/>
      <line num="33" count="62" type="stmt"/>
      <line num="34" count="97" type="cond" truecount="1" falsecount="1"/>
      <line num="35" count="97" type="stmt"/>
      <line num="36" count="97" type="stmt"/>
      <line num="42" count="62" type="stmt"/>
      <line num="43" count="62" type="stmt"/>
      <line num="44" count="186" type="stmt"/>
      <line num="45" count="151" type="stmt"/>
      <line num="46" count="151" type="stmt"/>
      <line num="50" count="62" type="stmt"/>
      <line num="54" count="51" type="stmt"/>
      <line num="55" count="68" type="cond" truecount="0" falsecount="1"/>
      <line num="56" count="0" type="stmt"/>
      <line num="59" count="51" type="stmt"/>
      <line num="63" count="53" type="stmt"/>
      <line num="64" count="53" type="stmt"/>
      <line num="65" count="53" type="stmt"/>
      <line num="70" count="51" type="stmt"/>
      <line num="75" count="51" type="stmt"/>
      <line num="79" count="20" type="stmt"/>
      <line num="80" count="52" type="cond" truecount="1" falsecount="0"/>
      <line num="81" count="18" type="stmt"/>
      <line num="84" count="2" type="stmt"/>
      <line num="88" count="8" type="stmt"/>
      <line num="89" count="12" type="cond" truecount="1" falsecount="0"/>
      <line num="90" count="7" type="stmt"/>
      <line num="94" count="1" type="stmt"/>
      <line num="99" count="3" type="stmt"/>
    </file>
    <file name="computer.ts" path="/home/runner/FerryBattleshipBackend/src/computer.ts">
      <metrics statements="17" coveredstatements="17" conditionals="2" coveredconditionals="2" methods="5" coveredmethods="5"/>
      <line num="1" count="2" type="stmt"/>
      <line num="2" count="2" type="stmt"/>
      <line num="3" count="2" type="stmt"/>
      <line num="8" count="2" type="stmt"/>
      <line num="28" count="1552" type="stmt"/>
      <line num="32" count="102" type="stmt"/>
      <line num="33" count="102" type="cond" truecount="2" falsecount="0"/>
      <line num="34" count="101" type="stmt"/>
      <line num="36" count="1" type="stmt"/>
      <line num="41" count="3" type="stmt"/>
      <line num="42" count="3" type="stmt"/>
      <line num="46" count="5" type="stmt"/>
      <line num="47" count="5" type="stmt"/>
      <line num="48" count="5" type="stmt"/>
      <line num="49" count="20" type="stmt"/>
      <line num="51" count="5" type="stmt"/>
      <line num="55" count="2" type="stmt"/>
    </file>
    <file name="constants.ts" path="/home/runner/FerryBattleshipBackend/src/constants.ts">
      <metrics statements="7" coveredstatements="7" conditionals="0" coveredconditionals="0" methods="0" coveredmethods="0"/>
      <line num="1" count="5" type="stmt"/>
      <line num="2" count="5" type="stmt"/>
      <line num="4" count="5" type="stmt"/>
      <line num="5" count="5" type="stmt"/>
      <line num="6" count="50" type="stmt"/>
      <line num="7" count="500" type="stmt"/>
      <line num="11" count="5" type="stmt"/>
    </file>
    <file name="game.ts" path="/home/runner/FerryBattleshipBackend/src/game.ts">
      <metrics statements="21" coveredstatements="20" conditionals="3" coveredconditionals="2" methods="7" coveredmethods="7"/>
      <line num="1" count="1" type="stmt"/>
      <line num="2" count="1" type="stmt"/>
      <line num="3" count="1" type="stmt"/>
      <line num="11" count="2" type="stmt"/>
      <line num="12" count="2" type="stmt"/>
      <line num="13" count="2" type="stmt"/>
      <line num="17" count="5" type="stmt"/>
      <line num="21" count="2" type="stmt"/>
      <line num="22" count="2" type="stmt"/>
      <line num="26" count="2" type="stmt"/>
      <line num="27" count="2" type="stmt"/>
      <line num="29" count="1" type="stmt"/>
      <line num="31" count="1" type="cond" truecount="0" falsecount="1"/>
      <line num="32" count="0" type="stmt"/>
      <line num="40" count="1" type="stmt"/>
      <line num="41" count="1" type="stmt"/>
      <line num="42" count="1" type="stmt"/>
      <line num="51" count="2" type="cond" truecount="2" falsecount="0"/>
      <line num="55" count="2" type="stmt"/>
      <line num="59" count="3" type="stmt"/>
      <line num="63" count="1" type="stmt"/>
    </file>
    <file name="piece.ts" path="/home/runner/FerryBattleshipBackend/src/piece.ts">
      <metrics statements="31" coveredstatements="31" conditionals="4" coveredconditionals="4" methods="8" coveredmethods="8"/>
      <line num="1" count="4" type="stmt"/>
      <line num="2" count="4" type="stmt"/>
      <line num="4" count="4" type="stmt"/>
      <line num="11" count="68" type="stmt"/>
      <line num="12" count="68" type="stmt"/>
      <line num="14" count="68" type="stmt"/>
      <line num="16" count="68" type="stmt"/>
      <line num="20" count="66" type="stmt"/>
      <line num="22" count="66" type="stmt"/>
      <line num="26" count="159" type="stmt"/>
      <line num="30" count="72" type="stmt"/>
      <line num="31" count="290" type="stmt"/>
      <line num="32" count="961" type="cond" truecount="1" falsecount="0"/>
      <line num="33" count="3" type="stmt"/>
      <line num="37" count="69" type="stmt"/>
      <line num="41" count="60" type="stmt"/>
      <line num="42" count="60" type="cond" truecount="1" falsecount="0"/>
      <line num="43" count="25" type="stmt"/>
      <line num="44" count="24" type="stmt"/>
      <line num="46" count="35" type="stmt"/>
      <line num="50" count="60" type="stmt"/>
      <line num="51" count="170" type="cond" truecount="1" falsecount="0"/>
      <line num="52" count="25" type="stmt"/>
      <line num="55" count="35" type="stmt"/>
      <line num="59" count="25" type="stmt"/>
      <line num="60" count="30" type="cond" truecount="1" falsecount="0"/>
      <line num="61" count="1" type="stmt"/>
      <line num="64" count="24" type="stmt"/>
      <line num="68" count="15" type="stmt"/>
      <line num="72" count="2" type="stmt"/>
      <line num="76" count="4" type="stmt"/>
    </file>
    <file name="point.ts" path="/home/runner/FerryBattleshipBackend/src/point.ts">
      <metrics statements="33" coveredstatements="31" conditionals="6" coveredconditionals="3" methods="7" coveredmethods="5"/>
      <line num="1" count="5" type="stmt"/>
      <line num="2" count="5" type="stmt"/>
      <line num="10" count="488" type="stmt"/>
      <line num="12" count="488" type="stmt"/>
      <line num="14" count="485" type="stmt"/>
      <line num="15" count="485" type="stmt"/>
      <line num="18" count="485" type="stmt"/>
      <line num="19" count="485" type="stmt"/>
      <line num="21" count="485" type="stmt"/>
      <line num="25" count="1162" type="stmt"/>
      <line num="29" count="76" type="stmt"/>
      <line num="33" count="8" type="stmt"/>
      <line num="37" count="0" type="cond" truecount="0" falsecount="2"/>
      <line num="41" count="74" type="cond" truecount="0" falsecount="1"/>
      <line num="42" count="0" type="stmt"/>
      <line num="46" count="74" type="cond" truecount="2" falsecount="0"/>
      <line num="47" count="68" type="stmt"/>
      <line num="48" count="68" type="stmt"/>
      <line num="50" count="68" type="stmt"/>
      <line num="51" count="68" type="stmt"/>
      <line num="52" count="247" type="stmt"/>
      <line num="54" count="68" type="stmt"/>
      <line num="57" count="6" type="cond" truecount="1" falsecount="0"/>
      <line num="58" count="5" type="stmt"/>
      <line num="59" count="5" type="stmt"/>
      <line num="61" count="5" type="stmt"/>
      <line num="62" count="5" type="stmt"/>
      <line num="64" count="5" type="stmt"/>
      <line num="65" count="5" type="stmt"/>
      <line num="66" count="21" type="stmt"/>
      <line num="68" count="5" type="stmt"/>
      <line num="71" count="1" type="stmt"/>
      <line num="76" count="5" type="stmt"/>
    </file>
  </project>
</coverage>
