<?xml version="1.0" encoding="UTF-8"?>
<coverage generated="1707270252570" clover="3.2.0">
  <project timestamp="1707270252571" name="All files">
    <metrics statements="126" coveredstatements="122" conditionals="19" coveredconditionals="14" methods="28" coveredmethods="27" elements="173" coveredelements="163" complexity="0" loc="126" ncloc="126" packages="1" files="4" classes="4"/>
    <file name="board.ts" path="/home/runner/FerryBattleshipBackend/src/board.ts">
      <metrics statements="40" coveredstatements="38" conditionals="7" coveredconditionals="5" methods="9" coveredmethods="9"/>
      <line num="1" count="2" type="stmt"/>
      <line num="2" count="2" type="stmt"/>
      <line num="4" count="2" type="stmt"/>
      <line num="10" count="13" type="stmt"/>
      <line num="14" count="80" type="stmt"/>
      <line num="18" count="47" type="stmt"/>
      <line num="19" count="47" type="stmt"/>
      <line num="20" count="188" type="cond" truecount="2" falsecount="0"/>
      <line num="21" count="188" type="stmt"/>
      <line num="26" count="47" type="stmt"/>
      <line num="30" count="47" type="stmt"/>
      <line num="31" count="47" type="stmt"/>
      <line num="33" count="47" type="stmt"/>
      <line num="34" count="74" type="cond" truecount="1" falsecount="1"/>
      <line num="35" count="74" type="stmt"/>
      <line num="36" count="74" type="stmt"/>
      <line num="42" count="47" type="stmt"/>
      <line num="43" count="47" type="stmt"/>
      <line num="44" count="141" type="stmt"/>
      <line num="45" count="114" type="stmt"/>
      <line num="46" count="114" type="stmt"/>
      <line num="50" count="47" type="stmt"/>
      <line num="54" count="38" type="stmt"/>
      <line num="55" count="50" type="cond" truecount="0" falsecount="1"/>
      <line num="56" count="0" type="stmt"/>
      <line num="59" count="38" type="stmt"/>
      <line num="63" count="40" type="stmt"/>
      <line num="64" count="40" type="stmt"/>
      <line num="65" count="40" type="stmt"/>
      <line num="70" count="38" type="stmt"/>
      <line num="75" count="38" type="stmt"/>
      <line num="79" count="18" type="stmt"/>
      <line num="80" count="44" type="cond" truecount="1" falsecount="0"/>
      <line num="81" count="18" type="stmt"/>
      <line num="84" count="0" type="stmt"/>
      <line num="88" count="2" type="stmt"/>
      <line num="89" count="6" type="cond" truecount="1" falsecount="0"/>
      <line num="90" count="1" type="stmt"/>
      <line num="94" count="1" type="stmt"/>
      <line num="99" count="2" type="stmt"/>
    </file>
    <file name="computer.ts" path="/home/runner/FerryBattleshipBackend/src/computer.ts">
      <metrics statements="17" coveredstatements="17" conditionals="2" coveredconditionals="2" methods="5" coveredmethods="5"/>
      <line num="1" count="1" type="stmt"/>
      <line num="2" count="1" type="stmt"/>
      <line num="3" count="1" type="stmt"/>
      <line num="5" count="1" type="stmt"/>
      <line num="25" count="517" type="stmt"/>
      <line num="29" count="101" type="stmt"/>
      <line num="30" count="101" type="cond" truecount="2" falsecount="0"/>
      <line num="31" count="100" type="stmt"/>
      <line num="33" count="1" type="stmt"/>
      <line num="38" count="1" type="stmt"/>
      <line num="39" count="1" type="stmt"/>
      <line num="43" count="3" type="stmt"/>
      <line num="44" count="3" type="stmt"/>
      <line num="45" count="3" type="stmt"/>
      <line num="46" count="12" type="stmt"/>
      <line num="48" count="3" type="stmt"/>
      <line num="52" count="1" type="stmt"/>
    </file>
    <file name="piece.ts" path="/home/runner/FerryBattleshipBackend/src/piece.ts">
      <metrics statements="31" coveredstatements="31" conditionals="4" coveredconditionals="4" methods="8" coveredmethods="8"/>
      <line num="1" count="3" type="stmt"/>
      <line num="2" count="3" type="stmt"/>
      <line num="4" count="3" type="stmt"/>
      <line num="11" count="55" type="stmt"/>
      <line num="12" count="55" type="stmt"/>
      <line num="14" count="55" type="stmt"/>
      <line num="16" count="55" type="stmt"/>
      <line num="20" count="53" type="stmt"/>
      <line num="22" count="53" type="stmt"/>
      <line num="26" count="123" type="stmt"/>
      <line num="30" count="54" type="stmt"/>
      <line num="31" count="218" type="stmt"/>
      <line num="32" count="712" type="cond" truecount="1" falsecount="0"/>
      <line num="33" count="3" type="stmt"/>
      <line num="37" count="51" type="stmt"/>
      <line num="41" count="52" type="stmt"/>
      <line num="42" count="52" type="cond" truecount="1" falsecount="0"/>
      <line num="43" count="25" type="stmt"/>
      <line num="44" count="24" type="stmt"/>
      <line num="46" count="27" type="stmt"/>
      <line num="50" count="52" type="stmt"/>
      <line num="51" count="140" type="cond" truecount="1" falsecount="0"/>
      <line num="52" count="25" type="stmt"/>
      <line num="55" count="27" type="stmt"/>
      <line num="59" count="25" type="stmt"/>
      <line num="60" count="30" type="cond" truecount="1" falsecount="0"/>
      <line num="61" count="1" type="stmt"/>
      <line num="64" count="24" type="stmt"/>
      <line num="68" count="9" type="stmt"/>
      <line num="72" count="2" type="stmt"/>
      <line num="76" count="3" type="stmt"/>
    </file>
    <file name="point.ts" path="/home/runner/FerryBattleshipBackend/src/point.ts">
      <metrics statements="38" coveredstatements="36" conditionals="6" coveredconditionals="3" methods="6" coveredmethods="5"/>
      <line num="1" count="4" type="stmt"/>
      <line num="3" count="4" type="stmt"/>
      <line num="4" count="4" type="stmt"/>
      <line num="6" count="4" type="stmt"/>
      <line num="7" count="4" type="stmt"/>
      <line num="8" count="40" type="stmt"/>
      <line num="9" count="400" type="stmt"/>
      <line num="19" count="405" type="stmt"/>
      <line num="21" count="405" type="stmt"/>
      <line num="23" count="402" type="stmt"/>
      <line num="24" count="402" type="stmt"/>
      <line num="27" count="402" type="stmt"/>
      <line num="28" count="402" type="stmt"/>
      <line num="30" count="402" type="stmt"/>
      <line num="34" count="883" type="stmt"/>
      <line num="38" count="63" type="stmt"/>
      <line num="42" count="6" type="stmt"/>
      <line num="46" count="0" type="cond" truecount="0" falsecount="2"/>
      <line num="50" count="61" type="cond" truecount="0" falsecount="1"/>
      <line num="51" count="0" type="stmt"/>
      <line num="55" count="61" type="cond" truecount="2" falsecount="0"/>
      <line num="56" count="57" type="stmt"/>
      <line num="57" count="57" type="stmt"/>
      <line num="59" count="57" type="stmt"/>
      <line num="60" count="57" type="stmt"/>
      <line num="61" count="206" type="stmt"/>
      <line num="63" count="57" type="stmt"/>
      <line num="66" count="4" type="cond" truecount="1" falsecount="0"/>
      <line num="67" count="3" type="stmt"/>
      <line num="68" count="3" type="stmt"/>
      <line num="70" count="3" type="stmt"/>
      <line num="71" count="3" type="stmt"/>
      <line num="73" count="3" type="stmt"/>
      <line num="74" count="3" type="stmt"/>
      <line num="75" count="13" type="stmt"/>
      <line num="77" count="3" type="stmt"/>
      <line num="80" count="1" type="stmt"/>
      <line num="85" count="4" type="stmt"/>
    </file>
  </project>
</coverage>
