{"/home/runner/FerryBattleshipBackend/src/point.ts": {"path":"/home/runner/FerryBattleshipBackend/src/point.ts","statementMap":{"0":{"start":{"line":1,"column":0},"end":{"line":1,"column":28}},"1":{"start":{"line":3,"column":26},"end":{"line":3,"column":48}},"2":{"start":{"line":4,"column":29},"end":{"line":4,"column":60}},"3":{"start":{"line":12,"column":4},"end":{"line":12,"column":83}},"4":{"start":{"line":13,"column":30},"end":{"line":13,"column":70}},"5":{"start":{"line":14,"column":4},"end":{"line":14,"column":119}},"6":{"start":{"line":15,"column":4},"end":{"line":15,"column":31}},"7":{"start":{"line":17,"column":33},"end":{"line":17,"column":69}},"8":{"start":{"line":18,"column":4},"end":{"line":18,"column":56}},"9":{"start":{"line":19,"column":4},"end":{"line":19,"column":37}},"10":{"start":{"line":21,"column":4},"end":{"line":21,"column":33}},"11":{"start":{"line":25,"column":4},"end":{"line":25,"column":43}},"12":{"start":{"line":29,"column":4},"end":{"line":29,"column":41}},"13":{"start":{"line":33,"column":4},"end":{"line":33,"column":47}},"14":{"start":{"line":37,"column":4},"end":{"line":37,"column":55}},"15":{"start":{"line":41,"column":4},"end":{"line":43,"column":5}},"16":{"start":{"line":42,"column":6},"end":{"line":42,"column":42}},"17":{"start":{"line":46,"column":4},"end":{"line":69,"column":5}},"18":{"start":{"line":47,"column":38},"end":{"line":47,"column":81}},"19":{"start":{"line":48,"column":38},"end":{"line":48,"column":81}},"20":{"start":{"line":50,"column":30},"end":{"line":50,"column":32}},"21":{"start":{"line":51,"column":6},"end":{"line":53,"column":7}},"22":{"start":{"line":51,"column":19},"end":{"line":51,"column":34}},"23":{"start":{"line":52,"column":8},"end":{"line":52,"column":51}},"24":{"start":{"line":54,"column":6},"end":{"line":54,"column":20}},"25":{"start":{"line":57,"column":9},"end":{"line":69,"column":5}},"26":{"start":{"line":58,"column":41},"end":{"line":58,"column":82}},"27":{"start":{"line":59,"column":38},"end":{"line":59,"column":76}},"28":{"start":{"line":61,"column":40},"end":{"line":61,"column":85}},"29":{"start":{"line":62,"column":40},"end":{"line":62,"column":85}},"30":{"start":{"line":64,"column":30},"end":{"line":64,"column":32}},"31":{"start":{"line":65,"column":6},"end":{"line":67,"column":7}},"32":{"start":{"line":65,"column":19},"end":{"line":65,"column":36}},"33":{"start":{"line":66,"column":8},"end":{"line":66,"column":73}},"34":{"start":{"line":68,"column":6},"end":{"line":68,"column":20}},"35":{"start":{"line":71,"column":4},"end":{"line":71,"column":75}},"36":{"start":{"line":77,"column":9},"end":{"line":77,"column":14}}},"fnMap":{"0":{"name":"(anonymous_1)","decl":{"start":{"line":11,"column":2},"end":{"line":11,"column":14}},"loc":{"start":{"line":11,"column":32},"end":{"line":22,"column":3}}},"1":{"name":"(anonymous_2)","decl":{"start":{"line":24,"column":2},"end":{"line":24,"column":8}},"loc":{"start":{"line":24,"column":17},"end":{"line":26,"column":3}}},"2":{"name":"(anonymous_3)","decl":{"start":{"line":28,"column":2},"end":{"line":28,"column":11}},"loc":{"start":{"line":28,"column":20},"end":{"line":30,"column":3}}},"3":{"name":"(anonymous_4)","decl":{"start":{"line":32,"column":2},"end":{"line":32,"column":14}},"loc":{"start":{"line":32,"column":23},"end":{"line":34,"column":3}}},"4":{"name":"(anonymous_5)","decl":{"start":{"line":36,"column":2},"end":{"line":36,"column":19}},"loc":{"start":{"line":36,"column":28},"end":{"line":38,"column":3}}},"5":{"name":"(anonymous_6)","decl":{"start":{"line":40,"column":2},"end":{"line":40,"column":35}},"loc":{"start":{"line":40,"column":44},"end":{"line":72,"column":3}}}},"branchMap":{"0":{"loc":{"start":{"line":37,"column":12},"end":{"line":37,"column":53}},"type":"binary-expr","locations":[{"start":{"line":37,"column":12},"end":{"line":37,"column":29}},{"start":{"line":37,"column":33},"end":{"line":37,"column":53}}]},"1":{"loc":{"start":{"line":41,"column":4},"end":{"line":43,"column":5}},"type":"if","locations":[{"start":{"line":41,"column":4},"end":{"line":43,"column":5}}]},"2":{"loc":{"start":{"line":46,"column":4},"end":{"line":69,"column":5}},"type":"if","locations":[{"start":{"line":46,"column":4},"end":{"line":69,"column":5}},{"start":{"line":57,"column":9},"end":{"line":69,"column":5}}]},"3":{"loc":{"start":{"line":57,"column":9},"end":{"line":69,"column":5}},"type":"if","locations":[{"start":{"line":57,"column":9},"end":{"line":69,"column":5}}]}},"s":{"0":1,"1":1,"2":1,"3":36,"4":35,"5":35,"6":34,"7":34,"8":34,"9":33,"10":33,"11":1,"12":8,"13":3,"14":0,"15":6,"16":0,"17":6,"18":5,"19":5,"20":5,"21":5,"22":5,"23":13,"24":5,"25":1,"26":0,"27":0,"28":0,"29":0,"30":0,"31":0,"32":0,"33":0,"34":0,"35":1,"36":1},"f":{"0":36,"1":1,"2":8,"3":3,"4":0,"5":6},"b":{"0":[0,0],"1":[0],"2":[5,1],"3":[0]}}
}
