{"/home/runner/FerryBattleshipBackend/src/board.ts": {"path":"/home/runner/FerryBattleshipBackend/src/board.ts","statementMap":{"0":{"start":{"line":1,"column":0},"end":{"line":1,"column":28}},"1":{"start":{"line":2,"column":0},"end":{"line":2,"column":31}},"2":{"start":{"line":4,"column":29},"end":{"line":4,"column":48}},"3":{"start":{"line":10,"column":4},"end":{"line":10,"column":21}},"4":{"start":{"line":14,"column":4},"end":{"line":14,"column":59}},"5":{"start":{"line":14,"column":36},"end":{"line":14,"column":50}},"6":{"start":{"line":18,"column":57},"end":{"line":18,"column":66}},"7":{"start":{"line":19,"column":4},"end":{"line":25,"column":5}},"8":{"start":{"line":20,"column":31},"end":{"line":20,"column":74}},"9":{"start":{"line":21,"column":6},"end":{"line":24,"column":null}},"10":{"start":{"line":26,"column":4},"end":{"line":26,"column":35}},"11":{"start":{"line":30,"column":58},"end":{"line":30,"column":95}},"12":{"start":{"line":31,"column":29},"end":{"line":31,"column":52}},"13":{"start":{"line":33,"column":4},"end":{"line":40,"column":5}},"14":{"start":{"line":34,"column":31},"end":{"line":34,"column":75}},"15":{"start":{"line":35,"column":6},"end":{"line":35,"column":null}},"16":{"start":{"line":36,"column":6},"end":{"line":39,"column":null}},"17":{"start":{"line":42,"column":37},"end":{"line":42,"column":39}},"18":{"start":{"line":43,"column":4},"end":{"line":48,"column":5}},"19":{"start":{"line":44,"column":6},"end":{"line":47,"column":7}},"20":{"start":{"line":45,"column":8},"end":{"line":45,"column":34}},"21":{"start":{"line":46,"column":8},"end":{"line":46,"column":16}},"22":{"start":{"line":50,"column":4},"end":{"line":50,"column":33}},"23":{"start":{"line":54,"column":4},"end":{"line":58,"column":5}},"24":{"start":{"line":55,"column":6},"end":{"line":57,"column":7}},"25":{"start":{"line":56,"column":8},"end":{"line":56,"column":20}},"26":{"start":{"line":59,"column":4},"end":{"line":59,"column":17}},"27":{"start":{"line":63,"column":18},"end":{"line":63,"column":39}},"28":{"start":{"line":64,"column":28},"end":{"line":64,"column":61}},"29":{"start":{"line":65,"column":4},"end":{"line":68,"column":null}},"30":{"start":{"line":70,"column":4},"end":{"line":73,"column":null}},"31":{"start":{"line":75,"column":4},"end":{"line":75,"column":28}},"32":{"start":{"line":79,"column":4},"end":{"line":83,"column":5}},"33":{"start":{"line":80,"column":6},"end":{"line":82,"column":7}},"34":{"start":{"line":81,"column":8},"end":{"line":81,"column":null}},"35":{"start":{"line":84,"column":4},"end":{"line":84,"column":17}},"36":{"start":{"line":88,"column":4},"end":{"line":92,"column":5}},"37":{"start":{"line":89,"column":6},"end":{"line":91,"column":7}},"38":{"start":{"line":90,"column":8},"end":{"line":90,"column":21}},"39":{"start":{"line":94,"column":4},"end":{"line":94,"column":16}},"40":{"start":{"line":99,"column":9},"end":{"line":99,"column":14}}},"fnMap":{"0":{"name":"(anonymous_1)","decl":{"start":{"line":9,"column":2},"end":{"line":9,"column":null}},"loc":{"start":{"line":9,"column":2},"end":{"line":11,"column":3}}},"1":{"name":"(anonymous_2)","decl":{"start":{"line":13,"column":2},"end":{"line":13,"column":18}},"loc":{"start":{"line":13,"column":18},"end":{"line":15,"column":3}}},"2":{"name":"(anonymous_3)","decl":{"start":{"line":14,"column":27},"end":{"line":14,"column":32}},"loc":{"start":{"line":14,"column":36},"end":{"line":14,"column":50}}},"3":{"name":"(anonymous_4)","decl":{"start":{"line":17,"column":2},"end":{"line":17,"column":32}},"loc":{"start":{"line":17,"column":32},"end":{"line":27,"column":3}}},"4":{"name":"(anonymous_5)","decl":{"start":{"line":29,"column":2},"end":{"line":29,"column":28}},"loc":{"start":{"line":29,"column":28},"end":{"line":51,"column":3}}},"5":{"name":"(anonymous_6)","decl":{"start":{"line":53,"column":2},"end":{"line":53,"column":24}},"loc":{"start":{"line":53,"column":37},"end":{"line":60,"column":3}}},"6":{"name":"(anonymous_7)","decl":{"start":{"line":62,"column":2},"end":{"line":62,"column":10}},"loc":{"start":{"line":62,"column":37},"end":{"line":76,"column":3}}},"7":{"name":"(anonymous_8)","decl":{"start":{"line":78,"column":2},"end":{"line":78,"column":8}},"loc":{"start":{"line":78,"column":22},"end":{"line":85,"column":3}}},"8":{"name":"(anonymous_9)","decl":{"start":{"line":87,"column":2},"end":{"line":87,"column":14}},"loc":{"start":{"line":87,"column":14},"end":{"line":95,"column":3}}}},"branchMap":{"0":{"loc":{"start":{"line":20,"column":31},"end":{"line":20,"column":74}},"type":"binary-expr","locations":[{"start":{"line":20,"column":31},"end":{"line":20,"column":69}},{"start":{"line":20,"column":73},"end":{"line":20,"column":74}}]},"1":{"loc":{"start":{"line":34,"column":31},"end":{"line":34,"column":75}},"type":"binary-expr","locations":[{"start":{"line":34,"column":31},"end":{"line":34,"column":70}},{"start":{"line":34,"column":74},"end":{"line":34,"column":75}}]},"2":{"loc":{"start":{"line":55,"column":6},"end":{"line":57,"column":7}},"type":"if","locations":[{"start":{"line":55,"column":6},"end":{"line":57,"column":7}}]},"3":{"loc":{"start":{"line":80,"column":6},"end":{"line":82,"column":7}},"type":"if","locations":[{"start":{"line":80,"column":6},"end":{"line":82,"column":7}}]},"4":{"loc":{"start":{"line":89,"column":6},"end":{"line":91,"column":7}},"type":"if","locations":[{"start":{"line":89,"column":6},"end":{"line":91,"column":7}}]}},"s":{"0":2,"1":2,"2":2,"3":13,"4":49,"5":80,"6":47,"7":47,"8":188,"9":188,"10":47,"11":47,"12":47,"13":47,"14":74,"15":74,"16":74,"17":47,"18":47,"19":141,"20":114,"21":114,"22":47,"23":38,"24":50,"25":0,"26":38,"27":40,"28":40,"29":40,"30":38,"31":38,"32":18,"33":44,"34":18,"35":0,"36":2,"37":6,"38":1,"39":1,"40":2},"f":{"0":13,"1":49,"2":80,"3":47,"4":47,"5":38,"6":40,"7":18,"8":2},"b":{"0":[188,141],"1":[74,0],"2":[0],"3":[18],"4":[1]}}
,"/home/runner/FerryBattleshipBackend/src/computer.ts": {"path":"/home/runner/FerryBattleshipBackend/src/computer.ts","statementMap":{"0":{"start":{"line":1,"column":0},"end":{"line":1,"column":28}},"1":{"start":{"line":2,"column":0},"end":{"line":2,"column":49}},"2":{"start":{"line":3,"column":0},"end":{"line":3,"column":32}},"3":{"start":{"line":5,"column":22},"end":{"line":19,"column":2}},"4":{"start":{"line":25,"column":4},"end":{"line":25,"column":81}},"5":{"start":{"line":25,"column":61},"end":{"line":25,"column":79}},"6":{"start":{"line":29,"column":19},"end":{"line":29,"column":37}},"7":{"start":{"line":30,"column":4},"end":{"line":34,"column":5}},"8":{"start":{"line":31,"column":6},"end":{"line":31,"column":20}},"9":{"start":{"line":33,"column":6},"end":{"line":33,"column":73}},"10":{"start":{"line":38,"column":14},"end":{"line":38,"column":62}},"11":{"start":{"line":39,"column":4},"end":{"line":39,"column":40}},"12":{"start":{"line":43,"column":24},"end":{"line":43,"column":40}},"13":{"start":{"line":44,"column":18},"end":{"line":44,"column":29}},"14":{"start":{"line":45,"column":4},"end":{"line":47,"column":5}},"15":{"start":{"line":46,"column":6},"end":{"line":46,"column":33}},"16":{"start":{"line":48,"column":4},"end":{"line":48,"column":17}},"17":{"start":{"line":52,"column":9},"end":{"line":52,"column":17}}},"fnMap":{"0":{"name":"(anonymous_1)","decl":{"start":{"line":24,"column":2},"end":{"line":24,"column":null}},"loc":{"start":{"line":24,"column":2},"end":{"line":26,"column":3}}},"1":{"name":"(anonymous_2)","decl":{"start":{"line":25,"column":55},"end":{"line":25,"column":58}},"loc":{"start":{"line":25,"column":61},"end":{"line":25,"column":79}}},"2":{"name":"(anonymous_3)","decl":{"start":{"line":28,"column":2},"end":{"line":28,"column":12}},"loc":{"start":{"line":28,"column":12},"end":{"line":35,"column":3}}},"3":{"name":"(anonymous_4)","decl":{"start":{"line":37,"column":2},"end":{"line":37,"column":8}},"loc":{"start":{"line":37,"column":25},"end":{"line":40,"column":3}}},"4":{"name":"(anonymous_5)","decl":{"start":{"line":42,"column":2},"end":{"line":42,"column":8}},"loc":{"start":{"line":42,"column":35},"end":{"line":49,"column":3}}}},"branchMap":{"0":{"loc":{"start":{"line":30,"column":4},"end":{"line":34,"column":5}},"type":"if","locations":[{"start":{"line":30,"column":4},"end":{"line":34,"column":5}},{"start":{"line":32,"column":11},"end":{"line":34,"column":5}}]}},"s":{"0":1,"1":1,"2":1,"3":1,"4":1,"5":517,"6":101,"7":101,"8":100,"9":1,"10":1,"11":1,"12":3,"13":3,"14":3,"15":12,"16":3,"17":1},"f":{"0":1,"1":517,"2":101,"3":1,"4":3},"b":{"0":[100,1]}}
,"/home/runner/FerryBattleshipBackend/src/piece.ts": {"path":"/home/runner/FerryBattleshipBackend/src/piece.ts","statementMap":{"0":{"start":{"line":1,"column":0},"end":{"line":1,"column":28}},"1":{"start":{"line":2,"column":0},"end":{"line":2,"column":32}},"2":{"start":{"line":4,"column":38},"end":{"line":4,"column":47}},"3":{"start":{"line":11,"column":30},"end":{"line":11,"column":46}},"4":{"start":{"line":12,"column":28},"end":{"line":12,"column":42}},"5":{"start":{"line":14,"column":19},"end":{"line":14,"column":73}},"6":{"start":{"line":16,"column":4},"end":{"line":18,"column":null}},"7":{"start":{"line":20,"column":4},"end":{"line":20,"column":25}},"8":{"start":{"line":22,"column":4},"end":{"line":22,"column":24}},"9":{"start":{"line":26,"column":4},"end":{"line":26,"column":30}},"10":{"start":{"line":30,"column":4},"end":{"line":36,"column":5}},"11":{"start":{"line":31,"column":6},"end":{"line":35,"column":7}},"12":{"start":{"line":32,"column":8},"end":{"line":34,"column":9}},"13":{"start":{"line":33,"column":10},"end":{"line":33,"column":22}},"14":{"start":{"line":37,"column":4},"end":{"line":37,"column":17}},"15":{"start":{"line":41,"column":24},"end":{"line":41,"column":45}},"16":{"start":{"line":42,"column":4},"end":{"line":45,"column":5}},"17":{"start":{"line":43,"column":6},"end":{"line":43,"column":31}},"18":{"start":{"line":44,"column":6},"end":{"line":44,"column":18}},"19":{"start":{"line":46,"column":4},"end":{"line":46,"column":17}},"20":{"start":{"line":50,"column":4},"end":{"line":54,"column":5}},"21":{"start":{"line":51,"column":6},"end":{"line":53,"column":7}},"22":{"start":{"line":52,"column":8},"end":{"line":52,"column":20}},"23":{"start":{"line":55,"column":4},"end":{"line":55,"column":17}},"24":{"start":{"line":59,"column":4},"end":{"line":63,"column":5}},"25":{"start":{"line":60,"column":6},"end":{"line":62,"column":7}},"26":{"start":{"line":61,"column":8},"end":{"line":61,"column":null}},"27":{"start":{"line":64,"column":4},"end":{"line":64,"column":43}},"28":{"start":{"line":68,"column":4},"end":{"line":68,"column":55}},"29":{"start":{"line":72,"column":4},"end":{"line":72,"column":33}},"30":{"start":{"line":76,"column":9},"end":{"line":76,"column":14}}},"fnMap":{"0":{"name":"(anonymous_1)","decl":{"start":{"line":10,"column":2},"end":{"line":10,"column":14}},"loc":{"start":{"line":10,"column":40},"end":{"line":23,"column":3}}},"1":{"name":"(anonymous_2)","decl":{"start":{"line":25,"column":2},"end":{"line":25,"column":8}},"loc":{"start":{"line":25,"column":8},"end":{"line":27,"column":3}}},"2":{"name":"(anonymous_3)","decl":{"start":{"line":29,"column":2},"end":{"line":29,"column":10}},"loc":{"start":{"line":29,"column":19},"end":{"line":38,"column":3}}},"3":{"name":"(anonymous_4)","decl":{"start":{"line":40,"column":2},"end":{"line":40,"column":8}},"loc":{"start":{"line":40,"column":27},"end":{"line":47,"column":3}}},"4":{"name":"(anonymous_5)","decl":{"start":{"line":49,"column":2},"end":{"line":49,"column":10}},"loc":{"start":{"line":49,"column":29},"end":{"line":56,"column":3}}},"5":{"name":"(anonymous_6)","decl":{"start":{"line":58,"column":2},"end":{"line":58,"column":8}},"loc":{"start":{"line":58,"column":33},"end":{"line":65,"column":3}}},"6":{"name":"(anonymous_7)","decl":{"start":{"line":67,"column":2},"end":{"line":67,"column":8}},"loc":{"start":{"line":67,"column":8},"end":{"line":69,"column":3}}},"7":{"name":"(anonymous_8)","decl":{"start":{"line":71,"column":2},"end":{"line":71,"column":9}},"loc":{"start":{"line":71,"column":9},"end":{"line":73,"column":3}}}},"branchMap":{"0":{"loc":{"start":{"line":32,"column":8},"end":{"line":34,"column":9}},"type":"if","locations":[{"start":{"line":32,"column":8},"end":{"line":34,"column":9}}]},"1":{"loc":{"start":{"line":42,"column":4},"end":{"line":45,"column":5}},"type":"if","locations":[{"start":{"line":42,"column":4},"end":{"line":45,"column":5}}]},"2":{"loc":{"start":{"line":51,"column":6},"end":{"line":53,"column":7}},"type":"if","locations":[{"start":{"line":51,"column":6},"end":{"line":53,"column":7}}]},"3":{"loc":{"start":{"line":60,"column":6},"end":{"line":62,"column":7}},"type":"if","locations":[{"start":{"line":60,"column":6},"end":{"line":62,"column":7}}]}},"s":{"0":3,"1":3,"2":3,"3":55,"4":55,"5":55,"6":55,"7":53,"8":53,"9":123,"10":54,"11":218,"12":712,"13":3,"14":51,"15":52,"16":52,"17":25,"18":24,"19":27,"20":52,"21":140,"22":25,"23":27,"24":25,"25":30,"26":1,"27":24,"28":9,"29":2,"30":3},"f":{"0":55,"1":123,"2":54,"3":52,"4":52,"5":25,"6":9,"7":2},"b":{"0":[3],"1":[25],"2":[25],"3":[1]}}
,"/home/runner/FerryBattleshipBackend/src/point.ts": {"path":"/home/runner/FerryBattleshipBackend/src/point.ts","statementMap":{"0":{"start":{"line":1,"column":0},"end":{"line":1,"column":28}},"1":{"start":{"line":3,"column":26},"end":{"line":3,"column":48}},"2":{"start":{"line":4,"column":29},"end":{"line":4,"column":60}},"3":{"start":{"line":6,"column":41},"end":{"line":6,"column":43}},"4":{"start":{"line":85,"column":16},"end":{"line":85,"column":38}},"5":{"start":{"line":7,"column":0},"end":{"line":11,"column":1}},"6":{"start":{"line":8,"column":2},"end":{"line":10,"column":3}},"7":{"start":{"line":9,"column":4},"end":{"line":9,"column":68}},"8":{"start":{"line":19,"column":4},"end":{"line":19,"column":42}},"9":{"start":{"line":21,"column":4},"end":{"line":21,"column":100}},"10":{"start":{"line":23,"column":30},"end":{"line":23,"column":70}},"11":{"start":{"line":24,"column":4},"end":{"line":24,"column":31}},"12":{"start":{"line":27,"column":33},"end":{"line":27,"column":66}},"13":{"start":{"line":28,"column":4},"end":{"line":28,"column":37}},"14":{"start":{"line":30,"column":4},"end":{"line":30,"column":33}},"15":{"start":{"line":34,"column":4},"end":{"line":34,"column":43}},"16":{"start":{"line":38,"column":4},"end":{"line":38,"column":41}},"17":{"start":{"line":42,"column":4},"end":{"line":42,"column":47}},"18":{"start":{"line":46,"column":4},"end":{"line":46,"column":55}},"19":{"start":{"line":50,"column":4},"end":{"line":52,"column":5}},"20":{"start":{"line":51,"column":6},"end":{"line":51,"column":42}},"21":{"start":{"line":55,"column":4},"end":{"line":78,"column":5}},"22":{"start":{"line":56,"column":38},"end":{"line":56,"column":81}},"23":{"start":{"line":57,"column":38},"end":{"line":57,"column":81}},"24":{"start":{"line":59,"column":30},"end":{"line":59,"column":32}},"25":{"start":{"line":60,"column":6},"end":{"line":62,"column":7}},"26":{"start":{"line":60,"column":19},"end":{"line":60,"column":34}},"27":{"start":{"line":61,"column":8},"end":{"line":61,"column":51}},"28":{"start":{"line":63,"column":6},"end":{"line":63,"column":20}},"29":{"start":{"line":66,"column":9},"end":{"line":78,"column":5}},"30":{"start":{"line":67,"column":41},"end":{"line":67,"column":82}},"31":{"start":{"line":68,"column":38},"end":{"line":68,"column":76}},"32":{"start":{"line":70,"column":40},"end":{"line":70,"column":85}},"33":{"start":{"line":71,"column":40},"end":{"line":71,"column":85}},"34":{"start":{"line":73,"column":30},"end":{"line":73,"column":32}},"35":{"start":{"line":74,"column":6},"end":{"line":76,"column":7}},"36":{"start":{"line":74,"column":19},"end":{"line":74,"column":36}},"37":{"start":{"line":75,"column":8},"end":{"line":75,"column":73}},"38":{"start":{"line":77,"column":6},"end":{"line":77,"column":20}},"39":{"start":{"line":80,"column":4},"end":{"line":80,"column":75}},"40":{"start":{"line":85,"column":9},"end":{"line":85,"column":14}}},"fnMap":{"0":{"name":"(anonymous_1)","decl":{"start":{"line":18,"column":2},"end":{"line":18,"column":14}},"loc":{"start":{"line":18,"column":32},"end":{"line":31,"column":3}}},"1":{"name":"(anonymous_2)","decl":{"start":{"line":33,"column":2},"end":{"line":33,"column":8}},"loc":{"start":{"line":33,"column":17},"end":{"line":35,"column":3}}},"2":{"name":"(anonymous_3)","decl":{"start":{"line":37,"column":2},"end":{"line":37,"column":11}},"loc":{"start":{"line":37,"column":20},"end":{"line":39,"column":3}}},"3":{"name":"(anonymous_4)","decl":{"start":{"line":41,"column":2},"end":{"line":41,"column":14}},"loc":{"start":{"line":41,"column":23},"end":{"line":43,"column":3}}},"4":{"name":"(anonymous_5)","decl":{"start":{"line":45,"column":2},"end":{"line":45,"column":19}},"loc":{"start":{"line":45,"column":28},"end":{"line":47,"column":3}}},"5":{"name":"(anonymous_6)","decl":{"start":{"line":49,"column":2},"end":{"line":49,"column":35}},"loc":{"start":{"line":49,"column":44},"end":{"line":81,"column":3}}}},"branchMap":{"0":{"loc":{"start":{"line":46,"column":12},"end":{"line":46,"column":53}},"type":"binary-expr","locations":[{"start":{"line":46,"column":12},"end":{"line":46,"column":29}},{"start":{"line":46,"column":33},"end":{"line":46,"column":53}}]},"1":{"loc":{"start":{"line":50,"column":4},"end":{"line":52,"column":5}},"type":"if","locations":[{"start":{"line":50,"column":4},"end":{"line":52,"column":5}}]},"2":{"loc":{"start":{"line":55,"column":4},"end":{"line":78,"column":5}},"type":"if","locations":[{"start":{"line":55,"column":4},"end":{"line":78,"column":5}},{"start":{"line":66,"column":9},"end":{"line":78,"column":5}}]},"3":{"loc":{"start":{"line":66,"column":9},"end":{"line":78,"column":5}},"type":"if","locations":[{"start":{"line":66,"column":9},"end":{"line":78,"column":5}}]}},"s":{"0":4,"1":4,"2":4,"3":4,"4":4,"5":4,"6":40,"7":400,"8":405,"9":405,"10":402,"11":402,"12":402,"13":402,"14":402,"15":883,"16":63,"17":6,"18":0,"19":61,"20":0,"21":61,"22":57,"23":57,"24":57,"25":57,"26":57,"27":206,"28":57,"29":4,"30":3,"31":3,"32":3,"33":3,"34":3,"35":3,"36":3,"37":13,"38":3,"39":1,"40":4},"f":{"0":405,"1":883,"2":63,"3":6,"4":0,"5":61},"b":{"0":[0,0],"1":[0],"2":[57,4],"3":[3]}}
}
