TN:
SF:src/board.ts
FN:9,(anonymous_1)
FN:13,(anonymous_2)
FN:14,(anonymous_3)
FN:17,(anonymous_4)
FN:29,(anonymous_5)
FN:53,(anonymous_6)
FN:62,(anonymous_7)
FN:78,(anonymous_8)
FN:87,(anonymous_9)
FNF:9
FNH:9
FNDA:17,(anonymous_1)
FNDA:64,(anonymous_2)
FNDA:103,(anonymous_3)
FNDA:62,(anonymous_4)
FNDA:62,(anonymous_5)
FNDA:51,(anonymous_6)
FNDA:53,(anonymous_7)
FNDA:20,(anonymous_8)
FNDA:8,(anonymous_9)
DA:1,3
DA:2,3
DA:4,3
DA:10,17
DA:14,103
DA:18,62
DA:19,62
DA:20,248
DA:21,248
DA:26,62
DA:30,62
DA:31,62
DA:33,62
DA:34,97
DA:35,97
DA:36,97
DA:42,62
DA:43,62
DA:44,186
DA:45,151
DA:46,151
DA:50,62
DA:54,51
DA:55,68
DA:56,0
DA:59,51
DA:63,53
DA:64,53
DA:65,53
DA:70,51
DA:75,51
DA:79,20
DA:80,52
DA:81,18
DA:84,2
DA:88,8
DA:89,12
DA:90,7
DA:94,1
DA:99,3
LF:40
LH:39
BRDA:20,0,0,248
BRDA:20,0,1,186
BRDA:34,1,0,97
BRDA:34,1,1,0
BRDA:55,2,0,0
BRDA:80,3,0,18
BRDA:89,4,0,7
BRF:7
BRH:5
end_of_record
TN:
SF:src/computer.ts
FN:27,(anonymous_1)
FN:28,(anonymous_2)
FN:31,(anonymous_3)
FN:40,(anonymous_4)
FN:45,(anonymous_5)
FNF:5
FNH:5
FNDA:3,(anonymous_1)
FNDA:1552,(anonymous_2)
FNDA:102,(anonymous_3)
FNDA:3,(anonymous_4)
FNDA:5,(anonymous_5)
DA:1,2
DA:2,2
DA:3,2
DA:8,2
DA:28,1552
DA:32,102
DA:33,102
DA:34,101
DA:36,1
DA:41,3
DA:42,3
DA:46,5
DA:47,5
DA:48,5
DA:49,20
DA:51,5
DA:55,2
LF:17
LH:17
BRDA:33,0,0,101
BRDA:33,0,1,1
BRF:2
BRH:2
end_of_record
TN:
SF:src/constants.ts
FNF:0
FNH:0
DA:1,5
DA:2,5
DA:4,5
DA:5,5
DA:6,50
DA:7,500
DA:11,5
LF:7
LH:7
BRF:0
BRH:0
end_of_record
TN:
SF:src/game.ts
FN:10,(anonymous_1)
FN:16,(anonymous_2)
FN:20,(anonymous_3)
FN:25,(anonymous_4)
FN:50,(anonymous_5)
FN:54,(anonymous_6)
FN:58,(anonymous_7)
FNF:7
FNH:7
FNDA:2,(anonymous_1)
FNDA:5,(anonymous_2)
FNDA:2,(anonymous_3)
FNDA:2,(anonymous_4)
FNDA:2,(anonymous_5)
FNDA:2,(anonymous_6)
FNDA:3,(anonymous_7)
DA:1,1
DA:2,1
DA:3,1
DA:11,2
DA:12,2
DA:13,2
DA:17,5
DA:21,2
DA:22,2
DA:26,2
DA:27,2
DA:29,1
DA:31,1
DA:32,0
DA:40,1
DA:41,1
DA:42,1
DA:51,2
DA:55,2
DA:59,3
DA:63,1
LF:21
LH:20
BRDA:31,0,0,0
BRDA:51,1,0,2
BRDA:51,1,1,2
BRF:3
BRH:2
end_of_record
TN:
SF:src/piece.ts
FN:10,(anonymous_1)
FN:25,(anonymous_2)
FN:29,(anonymous_3)
FN:40,(anonymous_4)
FN:49,(anonymous_5)
FN:58,(anonymous_6)
FN:67,(anonymous_7)
FN:71,(anonymous_8)
FNF:8
FNH:8
FNDA:68,(anonymous_1)
FNDA:159,(anonymous_2)
FNDA:72,(anonymous_3)
FNDA:60,(anonymous_4)
FNDA:60,(anonymous_5)
FNDA:25,(anonymous_6)
FNDA:15,(anonymous_7)
FNDA:2,(anonymous_8)
DA:1,4
DA:2,4
DA:4,4
DA:11,68
DA:12,68
DA:14,68
DA:16,68
DA:20,66
DA:22,66
DA:26,159
DA:30,72
DA:31,290
DA:32,961
DA:33,3
DA:37,69
DA:41,60
DA:42,60
DA:43,25
DA:44,24
DA:46,35
DA:50,60
DA:51,170
DA:52,25
DA:55,35
DA:59,25
DA:60,30
DA:61,1
DA:64,24
DA:68,15
DA:72,2
DA:76,4
LF:31
LH:31
BRDA:32,0,0,3
BRDA:42,1,0,25
BRDA:51,2,0,25
BRDA:60,3,0,1
BRF:4
BRH:4
end_of_record
TN:
SF:src/point.ts
FN:76,(anonymous_1)
FN:9,(anonymous_2)
FN:24,(anonymous_3)
FN:28,(anonymous_4)
FN:32,(anonymous_5)
FN:36,(anonymous_6)
FN:40,(anonymous_7)
FNF:7
FNH:5
FNDA:0,(anonymous_1)
FNDA:488,(anonymous_2)
FNDA:1162,(anonymous_3)
FNDA:76,(anonymous_4)
FNDA:8,(anonymous_5)
FNDA:0,(anonymous_6)
FNDA:74,(anonymous_7)
DA:1,5
DA:2,5
DA:10,488
DA:12,488
DA:14,485
DA:15,485
DA:18,485
DA:19,485
DA:21,485
DA:25,1162
DA:29,76
DA:33,8
DA:37,0
DA:41,74
DA:42,0
DA:46,74
DA:47,68
DA:48,68
DA:50,68
DA:51,68
DA:52,247
DA:54,68
DA:57,6
DA:58,5
DA:59,5
DA:61,5
DA:62,5
DA:64,5
DA:65,5
DA:66,21
DA:68,5
DA:71,1
DA:76,5
LF:33
LH:31
BRDA:37,0,0,0
BRDA:37,0,1,0
BRDA:41,1,0,0
BRDA:46,2,0,68
BRDA:46,2,1,6
BRDA:57,3,0,5
BRF:6
BRH:3
end_of_record
