TN:
SF:src/board.ts
FN:9,(anonymous_1)
FN:13,(anonymous_2)
FN:14,(anonymous_3)
FN:17,(anonymous_4)
FN:29,(anonymous_5)
FN:53,(anonymous_6)
FN:62,(anonymous_7)
FN:78,(anonymous_8)
FN:87,(anonymous_9)
FNF:9
FNH:9
FNDA:13,(anonymous_1)
FNDA:49,(anonymous_2)
FNDA:80,(anonymous_3)
FNDA:47,(anonymous_4)
FNDA:47,(anonymous_5)
FNDA:38,(anonymous_6)
FNDA:40,(anonymous_7)
FNDA:18,(anonymous_8)
FNDA:2,(anonymous_9)
DA:1,2
DA:2,2
DA:4,2
DA:10,13
DA:14,80
DA:18,47
DA:19,47
DA:20,188
DA:21,188
DA:26,47
DA:30,47
DA:31,47
DA:33,47
DA:34,74
DA:35,74
DA:36,74
DA:42,47
DA:43,47
DA:44,141
DA:45,114
DA:46,114
DA:50,47
DA:54,38
DA:55,50
DA:56,0
DA:59,38
DA:63,40
DA:64,40
DA:65,40
DA:70,38
DA:75,38
DA:79,18
DA:80,44
DA:81,18
DA:84,0
DA:88,2
DA:89,6
DA:90,1
DA:94,1
DA:99,2
LF:40
LH:38
BRDA:20,0,0,188
BRDA:20,0,1,141
BRDA:34,1,0,74
BRDA:34,1,1,0
BRDA:55,2,0,0
BRDA:80,3,0,18
BRDA:89,4,0,1
BRF:7
BRH:5
end_of_record
TN:
SF:src/computer.ts
FN:24,(anonymous_1)
FN:25,(anonymous_2)
FN:28,(anonymous_3)
FN:37,(anonymous_4)
FN:42,(anonymous_5)
FNF:5
FNH:5
FNDA:1,(anonymous_1)
FNDA:517,(anonymous_2)
FNDA:101,(anonymous_3)
FNDA:1,(anonymous_4)
FNDA:3,(anonymous_5)
DA:1,1
DA:2,1
DA:3,1
DA:5,1
DA:25,517
DA:29,101
DA:30,101
DA:31,100
DA:33,1
DA:38,1
DA:39,1
DA:43,3
DA:44,3
DA:45,3
DA:46,12
DA:48,3
DA:52,1
LF:17
LH:17
BRDA:30,0,0,100
BRDA:30,0,1,1
BRF:2
BRH:2
end_of_record
TN:
SF:src/piece.ts
FN:10,(anonymous_1)
FN:25,(anonymous_2)
FN:29,(anonymous_3)
FN:40,(anonymous_4)
FN:49,(anonymous_5)
FN:58,(anonymous_6)
FN:67,(anonymous_7)
FN:71,(anonymous_8)
FNF:8
FNH:8
FNDA:55,(anonymous_1)
FNDA:123,(anonymous_2)
FNDA:54,(anonymous_3)
FNDA:52,(anonymous_4)
FNDA:52,(anonymous_5)
FNDA:25,(anonymous_6)
FNDA:9,(anonymous_7)
FNDA:2,(anonymous_8)
DA:1,3
DA:2,3
DA:4,3
DA:11,55
DA:12,55
DA:14,55
DA:16,55
DA:20,53
DA:22,53
DA:26,123
DA:30,54
DA:31,218
DA:32,712
DA:33,3
DA:37,51
DA:41,52
DA:42,52
DA:43,25
DA:44,24
DA:46,27
DA:50,52
DA:51,140
DA:52,25
DA:55,27
DA:59,25
DA:60,30
DA:61,1
DA:64,24
DA:68,9
DA:72,2
DA:76,3
LF:31
LH:31
BRDA:32,0,0,3
BRDA:42,1,0,25
BRDA:51,2,0,25
BRDA:60,3,0,1
BRF:4
BRH:4
end_of_record
TN:
SF:src/point.ts
FN:18,(anonymous_1)
FN:33,(anonymous_2)
FN:37,(anonymous_3)
FN:41,(anonymous_4)
FN:45,(anonymous_5)
FN:49,(anonymous_6)
FNF:6
FNH:5
FNDA:405,(anonymous_1)
FNDA:883,(anonymous_2)
FNDA:63,(anonymous_3)
FNDA:6,(anonymous_4)
FNDA:0,(anonymous_5)
FNDA:61,(anonymous_6)
DA:1,4
DA:3,4
DA:4,4
DA:6,4
DA:7,4
DA:8,40
DA:9,400
DA:19,405
DA:21,405
DA:23,402
DA:24,402
DA:27,402
DA:28,402
DA:30,402
DA:34,883
DA:38,63
DA:42,6
DA:46,0
DA:50,61
DA:51,0
DA:55,61
DA:56,57
DA:57,57
DA:59,57
DA:60,57
DA:61,206
DA:63,57
DA:66,4
DA:67,3
DA:68,3
DA:70,3
DA:71,3
DA:73,3
DA:74,3
DA:75,13
DA:77,3
DA:80,1
DA:85,4
LF:38
LH:36
BRDA:46,0,0,0
BRDA:46,0,1,0
BRDA:50,1,0,0
BRDA:55,2,0,57
BRDA:55,2,1,4
BRDA:66,3,0,3
BRF:6
BRH:3
end_of_record
